<?xml version="1.0" encoding="UTF-8"?>
<testng-results ignored="0" total="1" passed="1" failed="0" skipped="0">
  <reporter-output>
  </reporter-output>
  <suite started-at="2022-02-17T19:53:53 SGT" name="Suite" finished-at="2022-02-17T19:53:58 SGT" duration-ms="4578">
    <groups>
    </groups>
    <test started-at="2022-02-17T19:53:53 SGT" name="Test" finished-at="2022-02-17T19:53:58 SGT" duration-ms="4578">
      <class name="movieToday.movieTest">
        <test-method is-config="true" signature="beforeTest()[pri:0, instance:movieToday.movieTest@78e94dcf]" started-at="2022-02-17T19:53:53 SGT" name="beforeTest" finished-at="2022-02-17T19:53:53 SGT" duration-ms="8" status="PASS">
          <reporter-output>
          </reporter-output>
        </test-method> <!-- beforeTest -->
        <test-method signature="f()[pri:0, instance:movieToday.movieTest@78e94dcf]" started-at="2022-02-17T19:53:53 SGT" name="f" finished-at="2022-02-17T19:53:58 SGT" duration-ms="4545" status="PASS">
          <reporter-output>
          </reporter-output>
        </test-method> <!-- f -->
        <test-method is-config="true" signature="afterTest()[pri:0, instance:movieToday.movieTest@78e94dcf]" started-at="2022-02-17T19:53:58 SGT" name="afterTest" finished-at="2022-02-17T19:53:58 SGT" duration-ms="0" status="PASS">
          <reporter-output>
          </reporter-output>
        </test-method> <!-- afterTest -->
      </class> <!-- movieToday.movieTest -->
    </test> <!-- Test -->
  </suite> <!-- Suite -->
</testng-results>
