<?xml version="1.0" encoding="UTF-8"?>
<testng-results ignored="0" total="3" passed="3" failed="0" skipped="0">
  <reporter-output>
  </reporter-output>
  <suite started-at="2022-02-20T11:30:42 SGT" name="Default suite" finished-at="2022-02-20T11:30:50 SGT" duration-ms="8492">
    <groups>
    </groups>
    <test started-at="2022-02-20T11:30:42 SGT" name="Default test" finished-at="2022-02-20T11:30:50 SGT" duration-ms="8492">
      <class name="movieToday.FavouriteTest">
        <test-method is-config="true" signature="beforeTest()[pri:0, instance:movieToday.FavouriteTest@fa36558]" started-at="2022-02-20T11:30:42 SGT" name="beforeTest" finished-at="2022-02-20T11:30:43 SGT" duration-ms="1435" status="PASS">
          <reporter-output>
          </reporter-output>
        </test-method> <!-- beforeTest -->
        <test-method signature="clickLogin()[pri:1, instance:movieToday.FavouriteTest@fa36558]" started-at="2022-02-20T11:30:43 SGT" name="clickLogin" finished-at="2022-02-20T11:30:46 SGT" duration-ms="2510" status="PASS">
          <reporter-output>
          </reporter-output>
        </test-method> <!-- clickLogin -->
        <test-method signature="AddToFav()[pri:2, instance:movieToday.FavouriteTest@fa36558]" started-at="2022-02-20T11:30:46 SGT" name="AddToFav" finished-at="2022-02-20T11:30:50 SGT" duration-ms="4256" status="PASS">
          <reporter-output>
          </reporter-output>
        </test-method> <!-- AddToFav -->
        <test-method signature="DeleteFav()[pri:3, instance:movieToday.FavouriteTest@fa36558]" started-at="2022-02-20T11:30:50 SGT" name="DeleteFav" finished-at="2022-02-20T11:30:50 SGT" duration-ms="85" status="PASS">
          <reporter-output>
          </reporter-output>
        </test-method> <!-- DeleteFav -->
        <test-method is-config="true" signature="afterTest()[pri:0, instance:movieToday.FavouriteTest@fa36558]" started-at="2022-02-20T11:30:50 SGT" name="afterTest" finished-at="2022-02-20T11:30:50 SGT" duration-ms="174" status="PASS">
          <reporter-output>
          </reporter-output>
        </test-method> <!-- afterTest -->
      </class> <!-- movieToday.FavouriteTest -->
    </test> <!-- Default test -->
  </suite> <!-- Default suite -->
</testng-results>
