<?xml version="1.0" encoding="UTF-8"?>
<!-- Generated by org.testng.reporters.JUnitXMLReporter -->
<testsuite ignored="0" hostname="LAPTOP-G4B5K5AK" failures="0" tests="3" name="Default test" time="8.492" errors="0" timestamp="2022-02-20T11:30:50 SGT">
  <testcase classname="movieToday.FavouriteTest" name="clickLogin" time="2.51"/>
  <testcase classname="movieToday.FavouriteTest" name="AddToFav" time="4.256"/>
  <testcase classname="movieToday.FavouriteTest" name="DeleteFav" time="0.085"/>
</testsuite> <!-- Default test -->
