<?xml version="1.0" encoding="UTF-8"?>
<!-- Generated by org.testng.reporters.JUnitXMLReporter -->
<testsuite ignored="0" hostname="DESKTOP-LUON3SM" failures="0" tests="4" name="Default test" time="22.366" errors="0" timestamp="2022-02-19T09:56:53 SGT">
  <testcase classname="movieToday.ReviewTest" name="aLogin" time="5.636"/>
  <testcase classname="movieToday.ReviewTest" name="bCreateReview" time="6.413"/>
  <testcase classname="movieToday.ReviewTest" name="cEditReview" time="6.35"/>
  <testcase classname="movieToday.ReviewTest" name="dDeleteReview" time="2.103"/>
</testsuite> <!-- Default test -->
